\BOOKMARK [0][-]{chapter.1}{\376\377\0001\000\040\000F\000i\000l\000e\000\040\000I\000n\000d\000e\000x}{}% 1
\BOOKMARK [1][-]{section.1.1}{\376\377\0001\000.\0001\000\040\000F\000i\000l\000e\000\040\000L\000i\000s\000t}{chapter.1}% 2
\BOOKMARK [0][-]{chapter.2}{\376\377\0002\000\040\000F\000i\000l\000e\000\040\000D\000o\000c\000u\000m\000e\000n\000t\000a\000t\000i\000o\000n}{}% 3
\BOOKMARK [1][-]{section.2.1}{\376\377\0002\000.\0001\000\040\000s\000r\000c\000/\000c\000o\000n\000f\000i\000g\000/\000d\000b\000.\000j\000s\000\040\000F\000i\000l\000e\000\040\000R\000e\000f\000e\000r\000e\000n\000c\000e}{chapter.2}% 4
\BOOKMARK [2][-]{subsection.2.1.1}{\376\377\0002\000.\0001\000.\0001\000\040\000V\000a\000r\000i\000a\000b\000l\000e\000\040\000D\000o\000c\000u\000m\000e\000n\000t\000a\000t\000i\000o\000n}{section.2.1}% 5
\BOOKMARK [3][-]{subsubsection.2.1.1.1}{\376\377\0002\000.\0001\000.\0001\000.\0001\000\040\000c\000o\000n\000n\000e\000c\000t\000D\000B}{subsection.2.1.1}% 6
\BOOKMARK [3][-]{subsubsection.2.1.1.2}{\376\377\0002\000.\0001\000.\0001\000.\0002\000\040\000e\000x\000p\000o\000r\000t\000s}{subsection.2.1.1}% 7
\BOOKMARK [3][-]{subsubsection.2.1.1.3}{\376\377\0002\000.\0001\000.\0001\000.\0003\000\040\000m\000o\000n\000g\000o\000o\000s\000e}{subsection.2.1.1}% 8
\BOOKMARK [1][-]{section.2.2}{\376\377\0002\000.\0002\000\040\000s\000r\000c\000/\000c\000o\000n\000t\000r\000o\000l\000l\000e\000r\000s\000/\000a\000u\000t\000h\000C\000o\000n\000t\000r\000o\000l\000l\000e\000r\000.\000j\000s\000\040\000F\000i\000l\000e\000\040\000R\000e\000f\000e\000r\000e\000n\000c\000e}{chapter.2}% 9
\BOOKMARK [2][-]{subsection.2.2.1}{\376\377\0002\000.\0002\000.\0001\000\040\000V\000a\000r\000i\000a\000b\000l\000e\000\040\000D\000o\000c\000u\000m\000e\000n\000t\000a\000t\000i\000o\000n}{section.2.2}% 10
\BOOKMARK [3][-]{subsubsection.2.2.1.1}{\376\377\0002\000.\0002\000.\0001\000.\0001\000\040\000b\000c\000r\000y\000p\000t}{subsection.2.2.1}% 11
\BOOKMARK [3][-]{subsubsection.2.2.1.2}{\376\377\0002\000.\0002\000.\0001\000.\0002\000\040\000c\000o\000n\000s\000t}{subsection.2.2.1}% 12
\BOOKMARK [3][-]{subsubsection.2.2.1.3}{\376\377\0002\000.\0002\000.\0001\000.\0003\000\040\000c\000r\000y\000p\000t\000o}{subsection.2.2.1}% 13
\BOOKMARK [3][-]{subsubsection.2.2.1.4}{\376\377\0002\000.\0002\000.\0001\000.\0004\000\040\000f\000o\000r\000g\000o\000t\000P\000a\000s\000s\000w\000o\000r\000d}{subsection.2.2.1}% 14
\BOOKMARK [3][-]{subsubsection.2.2.1.5}{\376\377\0002\000.\0002\000.\0001\000.\0005\000\040\000j\000w\000t}{subsection.2.2.1}% 15
\BOOKMARK [3][-]{subsubsection.2.2.1.6}{\376\377\0002\000.\0002\000.\0001\000.\0006\000\040\000l\000o\000g\000i\000n}{subsection.2.2.1}% 16
\BOOKMARK [3][-]{subsubsection.2.2.1.7}{\376\377\0002\000.\0002\000.\0001\000.\0007\000\040\000r\000e\000s\000e\000t\000P\000a\000s\000s\000w\000o\000r\000d}{subsection.2.2.1}% 17
\BOOKMARK [3][-]{subsubsection.2.2.1.8}{\376\377\0002\000.\0002\000.\0001\000.\0008\000\040\000r\000e\000s\000e\000t\000T\000o\000k\000e\000n\000s}{subsection.2.2.1}% 18
\BOOKMARK [3][-]{subsubsection.2.2.1.9}{\376\377\0002\000.\0002\000.\0001\000.\0009\000\040\000U\000s\000e\000r}{subsection.2.2.1}% 19
\BOOKMARK [1][-]{section.2.3}{\376\377\0002\000.\0003\000\040\000s\000r\000c\000/\000c\000o\000n\000t\000r\000o\000l\000l\000e\000r\000s\000/\000o\000r\000g\000a\000n\000i\000z\000e\000r\000C\000o\000n\000t\000r\000o\000l\000l\000e\000r\000.\000j\000s\000\040\000F\000i\000l\000e\000\040\000R\000e\000f\000e\000r\000e\000n\000c\000e}{chapter.2}% 20
\BOOKMARK [2][-]{subsection.2.3.1}{\376\377\0002\000.\0003\000.\0001\000\040\000V\000a\000r\000i\000a\000b\000l\000e\000\040\000D\000o\000c\000u\000m\000e\000n\000t\000a\000t\000i\000o\000n}{section.2.3}% 21
\BOOKMARK [3][-]{subsubsection.2.3.1.1}{\376\377\0002\000.\0003\000.\0001\000.\0001\000\040\000b\000c\000r\000y\000p\000t}{subsection.2.3.1}% 22
\BOOKMARK [3][-]{subsubsection.2.3.1.2}{\376\377\0002\000.\0003\000.\0001\000.\0002\000\040\000c\000o\000n\000s\000t}{subsection.2.3.1}% 23
\BOOKMARK [3][-]{subsubsection.2.3.1.3}{\376\377\0002\000.\0003\000.\0001\000.\0003\000\040\000c\000r\000e\000a\000t\000e\000O\000r\000g\000a\000n\000i\000z\000e\000r}{subsection.2.3.1}% 24
\BOOKMARK [3][-]{subsubsection.2.3.1.4}{\376\377\0002\000.\0003\000.\0001\000.\0004\000\040\000d\000e\000l\000e\000t\000e\000O\000r\000g\000a\000n\000i\000z\000e\000r}{subsection.2.3.1}% 25
\BOOKMARK [3][-]{subsubsection.2.3.1.5}{\376\377\0002\000.\0003\000.\0001\000.\0005\000\040\000g\000e\000t\000A\000l\000l\000O\000r\000g\000a\000n\000i\000z\000e\000r\000s}{subsection.2.3.1}% 26
\BOOKMARK [3][-]{subsubsection.2.3.1.6}{\376\377\0002\000.\0003\000.\0001\000.\0006\000\040\000O\000r\000g\000a\000n\000i\000z\000e\000r}{subsection.2.3.1}% 27
\BOOKMARK [3][-]{subsubsection.2.3.1.7}{\376\377\0002\000.\0003\000.\0001\000.\0007\000\040\000P\000r\000o\000f\000i\000l\000e}{subsection.2.3.1}% 28
\BOOKMARK [3][-]{subsubsection.2.3.1.8}{\376\377\0002\000.\0003\000.\0001\000.\0008\000\040\000u\000p\000d\000a\000t\000e\000O\000r\000g\000a\000n\000i\000z\000e\000r}{subsection.2.3.1}% 29
\BOOKMARK [3][-]{subsubsection.2.3.1.9}{\376\377\0002\000.\0003\000.\0001\000.\0009\000\040\000U\000s\000e\000r}{subsection.2.3.1}% 30
\BOOKMARK [1][-]{section.2.4}{\376\377\0002\000.\0004\000\040\000s\000r\000c\000/\000i\000n\000d\000e\000x\000.\000j\000s\000\040\000F\000i\000l\000e\000\040\000R\000e\000f\000e\000r\000e\000n\000c\000e}{chapter.2}% 31
\BOOKMARK [2][-]{subsection.2.4.1}{\376\377\0002\000.\0004\000.\0001\000\040\000V\000a\000r\000i\000a\000b\000l\000e\000\040\000D\000o\000c\000u\000m\000e\000n\000t\000a\000t\000i\000o\000n}{section.2.4}% 32
\BOOKMARK [3][-]{subsubsection.2.4.1.1}{\376\377\0002\000.\0004\000.\0001\000.\0001\000\040\000a\000p\000p}{subsection.2.4.1}% 33
\BOOKMARK [3][-]{subsubsection.2.4.1.2}{\376\377\0002\000.\0004\000.\0001\000.\0002\000\040\000a\000u\000t\000h\000R\000o\000u\000t\000e\000s}{subsection.2.4.1}% 34
\BOOKMARK [3][-]{subsubsection.2.4.1.3}{\376\377\0002\000.\0004\000.\0001\000.\0003\000\040\000c\000o\000n\000n\000e\000c\000t\000D\000B}{subsection.2.4.1}% 35
\BOOKMARK [3][-]{subsubsection.2.4.1.4}{\376\377\0002\000.\0004\000.\0001\000.\0004\000\040\000c\000o\000r\000s}{subsection.2.4.1}% 36
\BOOKMARK [3][-]{subsubsection.2.4.1.5}{\376\377\0002\000.\0004\000.\0001\000.\0005\000\040\000e\000x\000p\000r\000e\000s\000s}{subsection.2.4.1}% 37
\BOOKMARK [3][-]{subsubsection.2.4.1.6}{\376\377\0002\000.\0004\000.\0001\000.\0006\000\040\000o\000r\000g\000a\000n\000i\000z\000e\000r\000R\000o\000u\000t\000e\000s}{subsection.2.4.1}% 38
\BOOKMARK [3][-]{subsubsection.2.4.1.7}{\376\377\0002\000.\0004\000.\0001\000.\0007\000\040\000P\000O\000R\000T}{subsection.2.4.1}% 39
\BOOKMARK [1][-]{section.2.5}{\376\377\0002\000.\0005\000\040\000s\000r\000c\000/\000m\000i\000d\000d\000l\000e\000w\000a\000r\000e\000s\000/\000a\000u\000t\000h\000M\000i\000d\000d\000l\000e\000w\000a\000r\000e\000.\000j\000s\000\040\000F\000i\000l\000e\000\040\000R\000e\000f\000e\000r\000e\000n\000c\000e}{chapter.2}% 40
\BOOKMARK [2][-]{subsection.2.5.1}{\376\377\0002\000.\0005\000.\0001\000\040\000V\000a\000r\000i\000a\000b\000l\000e\000\040\000D\000o\000c\000u\000m\000e\000n\000t\000a\000t\000i\000o\000n}{section.2.5}% 41
\BOOKMARK [3][-]{subsubsection.2.5.1.1}{\376\377\0002\000.\0005\000.\0001\000.\0001\000\040\000e\000x\000p\000o\000r\000t\000s}{subsection.2.5.1}% 42
\BOOKMARK [3][-]{subsubsection.2.5.1.2}{\376\377\0002\000.\0005\000.\0001\000.\0002\000\040\000j\000w\000t}{subsection.2.5.1}% 43
\BOOKMARK [1][-]{section.2.6}{\376\377\0002\000.\0006\000\040\000s\000r\000c\000/\000m\000o\000d\000e\000l\000s\000/\000L\000e\000v\000e\000l\000.\000j\000s\000\040\000F\000i\000l\000e\000\040\000R\000e\000f\000e\000r\000e\000n\000c\000e}{chapter.2}% 44
\BOOKMARK [2][-]{subsection.2.6.1}{\376\377\0002\000.\0006\000.\0001\000\040\000V\000a\000r\000i\000a\000b\000l\000e\000\040\000D\000o\000c\000u\000m\000e\000n\000t\000a\000t\000i\000o\000n}{section.2.6}% 45
\BOOKMARK [3][-]{subsubsection.2.6.1.1}{\376\377\0002\000.\0006\000.\0001\000.\0001\000\040\000e\000x\000p\000o\000r\000t\000s}{subsection.2.6.1}% 46
\BOOKMARK [3][-]{subsubsection.2.6.1.2}{\376\377\0002\000.\0006\000.\0001\000.\0002\000\040\000L\000e\000v\000e\000l\000S\000c\000h\000e\000m\000a}{subsection.2.6.1}% 47
\BOOKMARK [3][-]{subsubsection.2.6.1.3}{\376\377\0002\000.\0006\000.\0001\000.\0003\000\040\000m\000o\000n\000g\000o\000o\000s\000e}{subsection.2.6.1}% 48
\BOOKMARK [1][-]{section.2.7}{\376\377\0002\000.\0007\000\040\000s\000r\000c\000/\000m\000o\000d\000e\000l\000s\000/\000O\000r\000g\000a\000n\000i\000z\000e\000r\000.\000j\000s\000\040\000F\000i\000l\000e\000\040\000R\000e\000f\000e\000r\000e\000n\000c\000e}{chapter.2}% 49
\BOOKMARK [2][-]{subsection.2.7.1}{\376\377\0002\000.\0007\000.\0001\000\040\000V\000a\000r\000i\000a\000b\000l\000e\000\040\000D\000o\000c\000u\000m\000e\000n\000t\000a\000t\000i\000o\000n}{section.2.7}% 50
\BOOKMARK [3][-]{subsubsection.2.7.1.1}{\376\377\0002\000.\0007\000.\0001\000.\0001\000\040\000e\000x\000p\000o\000r\000t\000s}{subsection.2.7.1}% 51
\BOOKMARK [3][-]{subsubsection.2.7.1.2}{\376\377\0002\000.\0007\000.\0001\000.\0002\000\040\000m\000o\000n\000g\000o\000o\000s\000e}{subsection.2.7.1}% 52
\BOOKMARK [3][-]{subsubsection.2.7.1.3}{\376\377\0002\000.\0007\000.\0001\000.\0003\000\040\000O\000r\000g\000a\000n\000i\000z\000e\000r\000S\000c\000h\000e\000m\000a}{subsection.2.7.1}% 53
\BOOKMARK [1][-]{section.2.8}{\376\377\0002\000.\0008\000\040\000s\000r\000c\000/\000m\000o\000d\000e\000l\000s\000/\000P\000r\000o\000f\000i\000l\000e\000.\000j\000s\000\040\000F\000i\000l\000e\000\040\000R\000e\000f\000e\000r\000e\000n\000c\000e}{chapter.2}% 54
\BOOKMARK [2][-]{subsection.2.8.1}{\376\377\0002\000.\0008\000.\0001\000\040\000V\000a\000r\000i\000a\000b\000l\000e\000\040\000D\000o\000c\000u\000m\000e\000n\000t\000a\000t\000i\000o\000n}{section.2.8}% 55
\BOOKMARK [3][-]{subsubsection.2.8.1.1}{\376\377\0002\000.\0008\000.\0001\000.\0001\000\040\000e\000x\000p\000o\000r\000t\000s}{subsection.2.8.1}% 56
\BOOKMARK [3][-]{subsubsection.2.8.1.2}{\376\377\0002\000.\0008\000.\0001\000.\0002\000\040\000m\000o\000n\000g\000o\000o\000s\000e}{subsection.2.8.1}% 57
\BOOKMARK [3][-]{subsubsection.2.8.1.3}{\376\377\0002\000.\0008\000.\0001\000.\0003\000\040\000P\000r\000o\000f\000i\000l\000e\000S\000c\000h\000e\000m\000a}{subsection.2.8.1}% 58
\BOOKMARK [1][-]{section.2.9}{\376\377\0002\000.\0009\000\040\000s\000r\000c\000/\000m\000o\000d\000e\000l\000s\000/\000U\000s\000e\000r\000.\000j\000s\000\040\000F\000i\000l\000e\000\040\000R\000e\000f\000e\000r\000e\000n\000c\000e}{chapter.2}% 59
\BOOKMARK [2][-]{subsection.2.9.1}{\376\377\0002\000.\0009\000.\0001\000\040\000V\000a\000r\000i\000a\000b\000l\000e\000\040\000D\000o\000c\000u\000m\000e\000n\000t\000a\000t\000i\000o\000n}{section.2.9}% 60
\BOOKMARK [3][-]{subsubsection.2.9.1.1}{\376\377\0002\000.\0009\000.\0001\000.\0001\000\040\000e\000x\000p\000o\000r\000t\000s}{subsection.2.9.1}% 61
\BOOKMARK [3][-]{subsubsection.2.9.1.2}{\376\377\0002\000.\0009\000.\0001\000.\0002\000\040\000m\000o\000n\000g\000o\000o\000s\000e}{subsection.2.9.1}% 62
\BOOKMARK [3][-]{subsubsection.2.9.1.3}{\376\377\0002\000.\0009\000.\0001\000.\0003\000\040\000U\000s\000e\000r\000S\000c\000h\000e\000m\000a}{subsection.2.9.1}% 63
\BOOKMARK [1][-]{section.2.10}{\376\377\0002\000.\0001\0000\000\040\000s\000r\000c\000/\000r\000o\000u\000t\000e\000s\000/\000a\000u\000t\000h\000R\000o\000u\000t\000e\000s\000.\000j\000s\000\040\000F\000i\000l\000e\000\040\000R\000e\000f\000e\000r\000e\000n\000c\000e}{chapter.2}% 64
\BOOKMARK [2][-]{subsection.2.10.1}{\376\377\0002\000.\0001\0000\000.\0001\000\040\000V\000a\000r\000i\000a\000b\000l\000e\000\040\000D\000o\000c\000u\000m\000e\000n\000t\000a\000t\000i\000o\000n}{section.2.10}% 65
\BOOKMARK [3][-]{subsubsection.2.10.1.1}{\376\377\0002\000.\0001\0000\000.\0001\000.\0001\000\040\000c\000o\000n\000s\000t}{subsection.2.10.1}% 66
\BOOKMARK [3][-]{subsubsection.2.10.1.2}{\376\377\0002\000.\0001\0000\000.\0001\000.\0002\000\040\000e\000x\000p\000o\000r\000t\000s}{subsection.2.10.1}% 67
\BOOKMARK [3][-]{subsubsection.2.10.1.3}{\376\377\0002\000.\0001\0000\000.\0001\000.\0003\000\040\000r\000o\000u\000t\000e\000r}{subsection.2.10.1}% 68
\BOOKMARK [1][-]{section.2.11}{\376\377\0002\000.\0001\0001\000\040\000s\000r\000c\000/\000r\000o\000u\000t\000e\000s\000/\000o\000r\000g\000a\000n\000i\000z\000e\000r\000R\000o\000u\000t\000e\000s\000.\000j\000s\000\040\000F\000i\000l\000e\000\040\000R\000e\000f\000e\000r\000e\000n\000c\000e}{chapter.2}% 69
\BOOKMARK [2][-]{subsection.2.11.1}{\376\377\0002\000.\0001\0001\000.\0001\000\040\000V\000a\000r\000i\000a\000b\000l\000e\000\040\000D\000o\000c\000u\000m\000e\000n\000t\000a\000t\000i\000o\000n}{section.2.11}% 70
\BOOKMARK [3][-]{subsubsection.2.11.1.1}{\376\377\0002\000.\0001\0001\000.\0001\000.\0001\000\040\000a\000u\000t\000h}{subsection.2.11.1}% 71
\BOOKMARK [3][-]{subsubsection.2.11.1.2}{\376\377\0002\000.\0001\0001\000.\0001\000.\0002\000\040\000c\000o\000n\000s\000t}{subsection.2.11.1}% 72
\BOOKMARK [3][-]{subsubsection.2.11.1.3}{\376\377\0002\000.\0001\0001\000.\0001\000.\0003\000\040\000e\000x\000p\000o\000r\000t\000s}{subsection.2.11.1}% 73
\BOOKMARK [3][-]{subsubsection.2.11.1.4}{\376\377\0002\000.\0001\0001\000.\0001\000.\0004\000\040\000r\000o\000u\000t\000e\000r}{subsection.2.11.1}% 74
\BOOKMARK [1][-]{section.2.12}{\376\377\0002\000.\0001\0002\000\040\000s\000r\000c\000/\000u\000t\000i\000l\000s\000/\000e\000m\000a\000i\000l\000S\000e\000r\000v\000i\000c\000e\000.\000j\000s\000\040\000F\000i\000l\000e\000\040\000R\000e\000f\000e\000r\000e\000n\000c\000e}{chapter.2}% 75
\BOOKMARK [2][-]{subsection.2.12.1}{\376\377\0002\000.\0001\0002\000.\0001\000\040\000F\000u\000n\000c\000t\000i\000o\000n\000\040\000D\000o\000c\000u\000m\000e\000n\000t\000a\000t\000i\000o\000n}{section.2.12}% 76
\BOOKMARK [3][-]{subsubsection.2.12.1.1}{\376\377\0002\000.\0001\0002\000.\0001\000.\0001\000\040\000i\000f\000\050\000\051}{subsection.2.12.1}% 77
\BOOKMARK [3][-]{subsubsection.2.12.1.2}{\376\377\0002\000.\0001\0002\000.\0001\000.\0002\000\040\000s\000e\000n\000d\000W\000e\000l\000c\000o\000m\000e\000E\000m\000a\000i\000l\000\050\000\051}{subsection.2.12.1}% 78
\BOOKMARK [2][-]{subsection.2.12.2}{\376\377\0002\000.\0001\0002\000.\0002\000\040\000V\000a\000r\000i\000a\000b\000l\000e\000\040\000D\000o\000c\000u\000m\000e\000n\000t\000a\000t\000i\000o\000n}{section.2.12}% 79
\BOOKMARK [3][-]{subsubsection.2.12.2.1}{\376\377\0002\000.\0001\0002\000.\0002\000.\0001\000\040\000a\000p\000i\000K\000e\000y}{subsection.2.12.2}% 80
\BOOKMARK [3][-]{subsubsection.2.12.2.2}{\376\377\0002\000.\0001\0002\000.\0002\000.\0002\000\040\000e\000l\000s\000e}{subsection.2.12.2}% 81
\BOOKMARK [3][-]{subsubsection.2.12.2.3}{\376\377\0002\000.\0001\0002\000.\0002\000.\0003\000\040\000e\000x\000p\000o\000r\000t\000s}{subsection.2.12.2}% 82
\BOOKMARK [3][-]{subsubsection.2.12.2.4}{\376\377\0002\000.\0001\0002\000.\0002\000.\0004\000\040\000s\000g\000M\000a\000i\000l}{subsection.2.12.2}% 83
\BOOKMARK [0][-]{section*.14}{\376\377\000I\000n\000d\000e\000x}{}% 84
